<?xml version="1.0" encoding="UTF-8"?>
<!-- Generated by org.testng.reporters.JUnitXMLReporter -->
<testsuite ignored="0" hostname="Macs-MacBook-Pro.local" failures="0" tests="6" name="Login Test CMS Edge" time="267.853" errors="0" timestamp="2023-11-01T14:13:07 IST">
  <testcase classname="com.anhtester.projects.cms.testcases.LoginTest" name="TC_LoginFailWithEmailNull" time="31.526"/>
  <testcase classname="com.anhtester.projects.cms.testcases.LoginTest" name="TC_LoginFailWithEmailDoesNotExist" time="47.142">
    <skipped/>
  </testcase> <!-- TC_LoginFailWithEmailDoesNotExist -->
  <testcase classname="com.anhtester.projects.cms.testcases.LoginTest" name="TC_LoginFailWithEmailDoesNotExist" time="50.444"/>
  <testcase classname="com.anhtester.projects.cms.testcases.LoginTest" name="TC_LoginFailWithNullPassword" time="22.669"/>
  <testcase classname="com.anhtester.projects.cms.testcases.LoginTest" name="TC_LoginFailWithIncorrectPassword" time="21.907"/>
  <testcase classname="com.anhtester.projects.cms.testcases.LoginTest" name="TC_LoginSuccessWithCustomerAccount" time="13.135"/>
</testsuite> <!-- Login Test CMS Edge -->
