<?xml version="1.0" encoding="UTF-8"?>
<!-- Generated by org.testng.reporters.JUnitXMLReporter -->
<testsuite ignored="0" hostname="Macs-MacBook-Pro.local" failures="0" tests="5" name="Login Test CMS Firefox" time="201.551" errors="0" timestamp="2023-11-01T14:12:01 IST">
  <testcase classname="com.anhtester.projects.cms.testcases.LoginTest" name="TC_LoginFailWithEmailNull" time="21.214"/>
  <testcase classname="com.anhtester.projects.cms.testcases.LoginTest" name="TC_LoginFailWithEmailDoesNotExist" time="16.657"/>
  <testcase classname="com.anhtester.projects.cms.testcases.LoginTest" name="TC_LoginFailWithNullPassword" time="30.923"/>
  <testcase classname="com.anhtester.projects.cms.testcases.LoginTest" name="TC_LoginFailWithIncorrectPassword" time="33.46"/>
  <testcase classname="com.anhtester.projects.cms.testcases.LoginTest" name="TC_LoginSuccessWithCustomerAccount" time="23.151"/>
</testsuite> <!-- Login Test CMS Firefox -->
