<?xml version="1.0" encoding="UTF-8"?>
<!-- Generated by org.testng.reporters.JUnitXMLReporter -->
<testsuite ignored="0" hostname="Macs-MacBook-Pro.local" failures="0" tests="5" name="Login Test CMS Chrome" time="53.028" errors="0" timestamp="2023-11-02T10:44:04 IST">
  <testcase classname="com.anhtester.projects.cms.testcases.LoginTest" name="TC_LoginFailWithEmailNull" time="34.084"/>
  <testcase classname="com.anhtester.projects.cms.testcases.LoginTest" name="TC_LoginFailWithIncorrectPassword" time="38.594"/>
  <testcase classname="com.anhtester.projects.cms.testcases.LoginTest" name="TC_LoginFailWithNullPassword" time="41.351"/>
  <testcase classname="com.anhtester.projects.cms.testcases.LoginTest" name="TC_LoginFailWithEmailDoesNotExist" time="41.993"/>
  <testcase classname="com.anhtester.projects.cms.testcases.LoginTest" name="TC_LoginSuccessWithCustomerAccount" time="43.184"/>
</testsuite> <!-- Login Test CMS Chrome -->
