<?xml version="1.0" encoding="UTF-8"?>
<!-- Generated by org.testng.reporters.JUnitXMLReporter -->
<testsuite ignored="2" hostname="Macs-MacBook-Pro.local" failures="0" tests="1" name="Test Profile CMS Chrome" time="39.393" errors="0" timestamp="2023-11-01T14:04:41 IST">
  <testcase classname="com.anhtester.projects.cms.testcases.ProfileTest" name="TC_AddNewAddress" time="33.562"/>
  <testcase classname="com.anhtester.projects.cms.testcases.ProfileTest" name="updateEmail" time="0.0">
    <ignored/>
  </testcase> <!-- updateEmail -->
  <testcase classname="com.anhtester.projects.cms.testcases.ProfileTest" name="TC_UpdateProfile" time="0.0">
    <ignored/>
  </testcase> <!-- TC_UpdateProfile -->
</testsuite> <!-- Test Profile CMS Chrome -->
