<?xml version="1.0" encoding="UTF-8"?>
<!-- Generated by org.testng.reporters.JUnitXMLReporter -->
<testsuite ignored="1" hostname="Macs-MacBook-Pro.local" failures="0" tests="1" name="Test Profile CMS" time="39.059" errors="0" timestamp="2023-11-01T13:41:36 IST">
  <testcase classname="com.anhtester.projects.cms.testcases.ProfileTest" name="TC_AddNewAddress" time="31.168"/>
  <testcase classname="com.anhtester.projects.cms.testcases.ProfileTest" name="TC_UpdateProfile" time="0.0">
    <ignored/>
  </testcase> <!-- TC_UpdateProfile -->
</testsuite> <!-- Test Profile CMS -->
