<?xml version="1.0" encoding="UTF-8"?>
<!-- Generated by org.testng.reporters.JUnitXMLReporter -->
<testsuite ignored="0" hostname="Macs-MacBook-Pro.local" failures="0" tests="5" name="SignIn Test" time="56.036" errors="0" timestamp="2023-11-02T10:41:43 IST">
  <testcase classname="com.anhtester.projects.crm.testcases.SignInTest" name="signInWithClientRole" time="26.031"/>
  <testcase classname="com.anhtester.projects.crm.testcases.SignInTest" name="signInWithAdminRole" time="29.305"/>
  <testcase classname="com.anhtester.projects.crm.testcases.SignInTest" name="loginPerfexCRM" time="37.151"/>
  <testcase classname="com.anhtester.projects.crm.testcases.SignInTest" name="signInWithDataProvider" time="30.639"/>
  <testcase classname="com.anhtester.projects.crm.testcases.SignInTest" name="signInWithDataProvider" time="32.863"/>
</testsuite> <!-- SignIn Test -->
