<?xml version="1.0" encoding="UTF-8"?>
<!-- Generated by org.testng.reporters.JUnitXMLReporter -->
<testsuite ignored="1" hostname="Macs-MacBook-Pro.local" failures="0" tests="1" name="Client Test" time="173.455" errors="0" timestamp="2023-11-01T13:30:11 IST">
  <testcase classname="com.anhtester.projects.crm.testcases.ClientTest" name="testSearchClient" time="36.776"/>
  <testcase classname="com.anhtester.projects.crm.testcases.ClientTest" name="testAddClient" time="0.0">
    <ignored/>
  </testcase> <!-- testAddClient -->
</testsuite> <!-- Client Test -->
