<?xml version="1.0" encoding="UTF-8"?>
<!-- Generated by org.testng.reporters.JUnitXMLReporter -->
<testsuite ignored="0" hostname="Macs-MacBook-Pro.local" failures="0" tests="3" name="Client Test on Chrome" time="65.916" errors="0" timestamp="2023-11-02T10:43:05 IST">
  <testcase classname="com.anhtester.projects.crm.testcases.ClientTest" name="testAddClient" time="57.566"/>
  <testcase classname="com.anhtester.projects.crm.testcases.ClientTest" name="testAddClient" time="58.193"/>
  <testcase classname="com.anhtester.projects.crm.testcases.ClientTest" name="testSearchClient" time="59.14"/>
</testsuite> <!-- Client Test on Chrome -->
